20230405-19:49:48.540 : Created session
20230405-19:49:48.581 : Connecting to 127.0.0.1 on port 9823
20230405-19:49:48.593 : Connection succeeded
20230405-19:49:48.955 : Initiated logon request
20230405-19:49:49.301 : Received logon
20230405-19:50:07.708 : Message 2 Rejected: Required tag missing (Field=453)
20230405-19:50:13.769 : Sent test request TEST
20230405-19:52:03.131 : Created session
20230405-19:52:03.206 : Connecting to 127.0.0.1 on port 9823
20230405-19:52:03.226 : Connection succeeded
20230405-19:52:03.374 : Initiated logon request
20230405-19:52:03.538 : Received logon
20230405-19:52:07.582 : Message 9 Rejected: Required tag missing (Field=453)
20230405-19:52:31.274 : Sent test request TEST
20230405-19:54:04.465 : Created session
20230405-19:54:04.528 : Connecting to 127.0.0.1 on port 9823
20230405-19:54:04.539 : Connection succeeded
20230405-19:54:04.612 : Initiated logon request
20230405-19:54:04.810 : Received logon
20230405-19:57:59.394 : Created session
20230405-19:57:59.447 : Connecting to 127.0.0.1 on port 9823
20230405-19:57:59.458 : Connection succeeded
20230405-19:57:59.515 : Initiated logon request
20230405-19:57:59.719 : Received logon
20230405-19:58:41.665 : Created session
20230405-19:58:41.695 : Connecting to 127.0.0.1 on port 9823
20230405-19:58:41.704 : Connection succeeded
20230405-19:58:41.813 : Initiated logon request
20230405-19:58:42.091 : Received logon
20230405-19:59:05.592 : Created session
20230405-19:59:05.627 : Connecting to 127.0.0.1 on port 9823
20230405-19:59:05.634 : Connection succeeded
20230405-19:59:05.807 : Initiated logon request
20230405-19:59:06.074 : Received logon
20230405-20:10:01.376 : Created session
20230405-20:10:01.447 : Connecting to 127.0.0.1 on port 9823
20230405-20:10:01.460 : Connection succeeded
20230405-20:10:01.537 : Initiated logon request
20230405-20:10:01.736 : Received logon
20230405-20:13:25.958 : Created session
20230405-20:13:26.014 : Connecting to 127.0.0.1 on port 9823
20230405-20:13:26.036 : Connection succeeded
20230405-20:13:26.125 : Initiated logon request
20230405-20:13:26.272 : Received logon
